<?xml version="1.0" encoding="UTF-8"?>
<!-- Generated by org.testng.reporters.JUnitReportReporter -->
<testsuite hostname="BGM" failures="0" tests="7" name="tests.LoginTest" time="100.745" errors="0" timestamp="2025-05-16T04:20:24 GMT-07:00" skipped="0">
  <testcase classname="tests.LoginTest" name="loginTest" time="14.322"/>
  <testcase classname="tests.LoginTest" name="aTest" time="8.260"/>
  <testcase classname="tests.LoginTest" name="qTest" time="8.991"/>
  <testcase classname="tests.LoginTest" name="cTest" time="25.432"/>
  <testcase classname="tests.LoginTest" name="eTest" time="12.378"/>
  <testcase classname="tests.LoginTest" name="bTest" time="16.498"/>
  <testcase classname="tests.LoginTest" name="dTest" time="14.864"/>
</testsuite> <!-- tests.LoginTest -->
